<?xml version="1.0" encoding="UTF-8"?>
<testsuites>
  <testsuite name="C:\Users\USER\Downloads\Compressed\jorsastech.com\jorsastech.com\phpunit.xml" tests="1" assertions="4" errors="0" failures="0" skipped="0" time="21.321337">
    <testsuite name="Feature" tests="1" assertions="4" errors="0" failures="0" skipped="0" time="21.321337">
      <testsuite name="Tests\Feature\PaystackWebhookTest" file="C:\Users\USER\Downloads\Compressed\jorsastech.com\jorsastech.com\tests\Feature\PaystackWebhookTest.php" tests="1" assertions="4" errors="0" failures="0" skipped="0" time="21.321337">
        <testcase name="test_webhook_records_event_and_updates_tenant" file="C:\Users\USER\Downloads\Compressed\jorsastech.com\jorsastech.com\tests\Feature\PaystackWebhookTest.php" line="12" class="Tests\Feature\PaystackWebhookTest" classname="Tests.Feature.PaystackWebhookTest" assertions="4" time="21.321337"/>
      </testsuite>
    </testsuite>
  </testsuite>
</testsuites>
